Determining if the pthread_create exist failed with the following output:
Change Dir: /home/william/Área de Trabalho/Pasta Geral/Projetos/Ultrasonic_Project/build/CMakeFiles/CMakeTmp

Run Build Command:"/usr/bin/make" "cmTC_9a962/fast"
/usr/bin/make -f CMakeFiles/cmTC_9a962.dir/build.make CMakeFiles/cmTC_9a962.dir/build
make[1]: Entering directory '/home/william/Área de Trabalho/Pasta Geral/Projetos/Ultrasonic_Project/build/CMakeFiles/CMakeTmp'
Building C object CMakeFiles/cmTC_9a962.dir/CheckSymbolExists.c.o
/usr/bin/cc     -o CMakeFiles/cmTC_9a962.dir/CheckSymbolExists.c.o   -c "/home/william/Área de Trabalho/Pasta Geral/Projetos/Ultrasonic_Project/build/CMakeFiles/CMakeTmp/CheckSymbolExists.c"
Linking C executable cmTC_9a962
/usr/bin/cmake -E cmake_link_script CMakeFiles/cmTC_9a962.dir/link.txt --verbose=1
/usr/bin/cc       CMakeFiles/cmTC_9a962.dir/CheckSymbolExists.c.o  -o cmTC_9a962 -rdynamic 
CMakeFiles/cmTC_9a962.dir/CheckSymbolExists.c.o: na função `main':
CheckSymbolExists.c:(.text+0x16): referência indefinida para `pthread_create'
collect2: error: ld returned 1 exit status
CMakeFiles/cmTC_9a962.dir/build.make:97: recipe for target 'cmTC_9a962' failed
make[1]: *** [cmTC_9a962] Error 1
make[1]: Leaving directory '/home/william/Área de Trabalho/Pasta Geral/Projetos/Ultrasonic_Project/build/CMakeFiles/CMakeTmp'
Makefile:126: recipe for target 'cmTC_9a962/fast' failed
make: *** [cmTC_9a962/fast] Error 2

File /home/william/Área de Trabalho/Pasta Geral/Projetos/Ultrasonic_Project/build/CMakeFiles/CMakeTmp/CheckSymbolExists.c:
/* */
#include <pthread.h>

int main(int argc, char** argv)
{
  (void)argv;
#ifndef pthread_create
  return ((int*)(&pthread_create))[argc];
#else
  (void)argc;
  return 0;
#endif
}

Determining if the function pthread_create exists in the pthreads failed with the following output:
Change Dir: /home/william/Área de Trabalho/Pasta Geral/Projetos/Ultrasonic_Project/build/CMakeFiles/CMakeTmp

Run Build Command:"/usr/bin/make" "cmTC_61587/fast"
/usr/bin/make -f CMakeFiles/cmTC_61587.dir/build.make CMakeFiles/cmTC_61587.dir/build
make[1]: Entering directory '/home/william/Área de Trabalho/Pasta Geral/Projetos/Ultrasonic_Project/build/CMakeFiles/CMakeTmp'
Building C object CMakeFiles/cmTC_61587.dir/CheckFunctionExists.c.o
/usr/bin/cc    -DCHECK_FUNCTION_EXISTS=pthread_create   -o CMakeFiles/cmTC_61587.dir/CheckFunctionExists.c.o   -c /usr/share/cmake-3.5/Modules/CheckFunctionExists.c
Linking C executable cmTC_61587
/usr/bin/cmake -E cmake_link_script CMakeFiles/cmTC_61587.dir/link.txt --verbose=1
/usr/bin/cc   -DCHECK_FUNCTION_EXISTS=pthread_create    CMakeFiles/cmTC_61587.dir/CheckFunctionExists.c.o  -o cmTC_61587 -rdynamic -lpthreads 
/usr/bin/ld: não foi possível encontrar -lpthreads
collect2: error: ld returned 1 exit status
CMakeFiles/cmTC_61587.dir/build.make:97: recipe for target 'cmTC_61587' failed
make[1]: *** [cmTC_61587] Error 1
make[1]: Leaving directory '/home/william/Área de Trabalho/Pasta Geral/Projetos/Ultrasonic_Project/build/CMakeFiles/CMakeTmp'
Makefile:126: recipe for target 'cmTC_61587/fast' failed
make: *** [cmTC_61587/fast] Error 2


